Build started 22-09-2013 20:11:56.
     1>Project "D:\workspaces\vc-workspace\sticky-mock\sticky-mock\sticky-mock.vcxproj" on node 2 (build target(s)).
     1>InitializeBuildStatus:
         Creating "Debug\sticky-mock.unsuccessfulbuild" because "AlwaysCreate" was specified.
       ClCompile:
         All outputs are up-to-date.
         C:\Program Files (x86)\Microsoft Visual Studio 10.0\VC\bin\CL.exe /c /ZI /nologo /W3 /WX- /Od /Oy- /D WIN32 /D _DEBUG /D _WINDOWS /D _UNICODE /D UNICODE /Gm /EHsc /RTC1 /MDd /GS /fp:precise /Zc:wchar_t /Zc:forScope /Yu"StdAfx.h" /Fp"Debug\sticky-mock.pch" /Fo"Debug\\" /Fd"Debug\vc100.pdb" /Gd /TP /analyze- /errorReport:prompt "sticky-mock.cpp"
         sticky-mock.cpp
       ResourceCompile:
         All outputs are up-to-date.
       ManifestResourceCompile:
         All outputs are up-to-date.
       Link:
         C:\Program Files (x86)\Microsoft Visual Studio 10.0\VC\bin\link.exe /ERRORREPORT:PROMPT /OUT:"D:\workspaces\vc-workspace\sticky-mock\Debug\sticky-mock.exe" /INCREMENTAL /NOLOGO kernel32.lib user32.lib gdi32.lib winspool.lib comdlg32.lib advapi32.lib shell32.lib ole32.lib oleaut32.lib uuid.lib odbc32.lib odbccp32.lib /MANIFEST /ManifestFile:"Debug\sticky-mock.exe.intermediate.manifest" /MANIFESTUAC:"level='asInvoker' uiAccess='false'" /DEBUG /PDB:"D:\workspaces\vc-workspace\sticky-mock\Debug\sticky-mock.pdb" /SUBSYSTEM:WINDOWS /TLBID:1 /DYNAMICBASE /NXCOMPAT /IMPLIB:"D:\workspaces\vc-workspace\sticky-mock\Debug\sticky-mock.lib" /MACHINE:X86 "Debug\sticky-mock.res"
         "Debug\sticky-mock.exe.embed.manifest.res"
         Debug\stdafx.obj
         "Debug\sticky-mock.obj"
       Manifest:
         C:\Program Files (x86)\Microsoft SDKs\Windows\v7.0A\bin\mt.exe /nologo /verbose /out:"Debug\sticky-mock.exe.embed.manifest" /manifest "Debug\sticky-mock.exe.intermediate.manifest"
         All outputs are up-to-date.
       LinkEmbedManifest:
         All outputs are up-to-date.
         sticky-mock.vcxproj -> D:\workspaces\vc-workspace\sticky-mock\Debug\sticky-mock.exe
       FinalizeBuildStatus:
         Deleting file "Debug\sticky-mock.unsuccessfulbuild".
         Touching "Debug\sticky-mock.lastbuildstate".
     1>Done Building Project "D:\workspaces\vc-workspace\sticky-mock\sticky-mock\sticky-mock.vcxproj" (build target(s)).

Build succeeded.

Time Elapsed 00:00:01.73
