Build started 29-04-2014 13:21:50.
     1>Project "D:\workspaces\vc-workspace\occi_demo\occi_demo\occi_demo.vcxproj" on node 2 (build target(s)).
     1>InitializeBuildStatus:
         Creating "Debug\occi_demo.unsuccessfulbuild" because "AlwaysCreate" was specified.
       ClCompile:
         C:\Program Files (x86)\Microsoft Visual Studio 10.0\VC\bin\CL.exe /c /IC:\app\oraclexe\app\oracle\product\11.2.0\server\oci\include /ZI /nologo /W3 /WX- /Od /Oy- /D WIN32 /D _DEBUG /D _CONSOLE /D _UNICODE /D UNICODE /Gm /EHsc /RTC1 /MDd /GS /fp:precise /Zc:wchar_t /Zc:forScope /Fo"Debug\\" /Fd"Debug\vc100.pdb" /Gd /TP /analyze- /errorReport:prompt occi_demo.cpp
         occi_demo.cpp
       ManifestResourceCompile:
         All outputs are up-to-date.
       Link:
         C:\Program Files (x86)\Microsoft Visual Studio 10.0\VC\bin\link.exe /ERRORREPORT:PROMPT /OUT:"D:\workspaces\vc-workspace\occi_demo\Debug\occi_demo.exe" /INCREMENTAL /NOLOGO /LIBPATH:C:\app\oraclexe\app\oracle\product\11.2.0\server\oci\lib\MSVC\vc10 oraocci11d.lib kernel32.lib user32.lib gdi32.lib winspool.lib comdlg32.lib advapi32.lib shell32.lib ole32.lib oleaut32.lib uuid.lib odbc32.lib odbccp32.lib /MANIFEST /ManifestFile:"Debug\occi_demo.exe.intermediate.manifest" /MANIFESTUAC:"level='asInvoker' uiAccess='false'" /DEBUG /PDB:"D:\workspaces\vc-workspace\occi_demo\Debug\occi_demo.pdb" /SUBSYSTEM:CONSOLE /TLBID:1 /DYNAMICBASE /NXCOMPAT /IMPLIB:"D:\workspaces\vc-workspace\occi_demo\Debug\occi_demo.lib" /MACHINE:X86 Debug\occi_demo.exe.embed.manifest.res
         Debug\occi_demo.obj
         Debug\stdafx.obj
       Manifest:
         C:\Program Files (x86)\Microsoft SDKs\Windows\v7.0A\bin\mt.exe /nologo /verbose /out:"Debug\occi_demo.exe.embed.manifest" /manifest Debug\occi_demo.exe.intermediate.manifest
         All outputs are up-to-date.
       LinkEmbedManifest:
         All outputs are up-to-date.
         occi_demo.vcxproj -> D:\workspaces\vc-workspace\occi_demo\Debug\occi_demo.exe
       FinalizeBuildStatus:
         Deleting file "Debug\occi_demo.unsuccessfulbuild".
         Touching "Debug\occi_demo.lastbuildstate".
     1>Done Building Project "D:\workspaces\vc-workspace\occi_demo\occi_demo\occi_demo.vcxproj" (build target(s)).

Build succeeded.

Time Elapsed 00:00:01.17
