Build started 26-04-2014 23:40:57.
     1>Project "D:\workspaces\vc-workspace\occi_demo\occi_demo\occi_demo.vcxproj" on node 2 (build target(s)).
     1>InitializeBuildStatus:
         Touching "Release\occi_demo.unsuccessfulbuild".
       ClCompile:
         C:\Program Files (x86)\Microsoft Visual Studio 10.0\VC\bin\CL.exe /c /IC:\app\oraclexe\app\oracle\product\11.2.0\server\oci\include /Zi /nologo /W3 /WX- /O2 /Oi /Oy- /GL /D WIN32 /D NDEBUG /D _CONSOLE /D _UNICODE /D UNICODE /Gm- /EHsc /MD /GS /Gy /fp:precise /Zc:wchar_t /Zc:forScope /Fo"Release\\" /Fd"Release\vc100.pdb" /Gd /TP /analyze- /errorReport:prompt occi_demo.cpp stdafx.cpp
         occi_demo.cpp
         stdafx.cpp
       Link:
         C:\Program Files (x86)\Microsoft Visual Studio 10.0\VC\bin\link.exe /ERRORREPORT:PROMPT /OUT:"D:\workspaces\vc-workspace\occi_demo\Release\occi_demo.exe" /INCREMENTAL:NO /NOLOGO /LIBPATH:C:\app\oraclexe\app\oracle\product\11.2.0\server\oci\lib\MSVC oraocci11.lib kpucb.lib oci.lib ociw32.lib kernel32.lib user32.lib gdi32.lib winspool.lib comdlg32.lib advapi32.lib shell32.lib ole32.lib oleaut32.lib uuid.lib odbc32.lib odbccp32.lib /MANIFEST /ManifestFile:"Release\occi_demo.exe.intermediate.manifest" /MANIFESTUAC:"level='asInvoker' uiAccess='false'" /DEBUG /PDB:"D:\workspaces\vc-workspace\occi_demo\Release\occi_demo.pdb" /SUBSYSTEM:CONSOLE /OPT:REF /OPT:ICF /LTCG /TLBID:1 /DYNAMICBASE /NXCOMPAT /IMPLIB:"D:\workspaces\vc-workspace\occi_demo\Release\occi_demo.lib" /MACHINE:X86 Release\occi_demo.obj
         Release\stdafx.obj
         Generating code
         Finished generating code
         occi_demo.vcxproj -> D:\workspaces\vc-workspace\occi_demo\Release\occi_demo.exe
       Manifest:
         C:\Program Files (x86)\Microsoft SDKs\Windows\v7.0A\bin\mt.exe /nologo /verbose /outputresource:"D:\workspaces\vc-workspace\occi_demo\Release\occi_demo.exe;#1" /manifest Release\occi_demo.exe.intermediate.manifest
       FinalizeBuildStatus:
         Deleting file "Release\occi_demo.unsuccessfulbuild".
         Touching "Release\occi_demo.lastbuildstate".
     1>Done Building Project "D:\workspaces\vc-workspace\occi_demo\occi_demo\occi_demo.vcxproj" (build target(s)).

Build succeeded.

Time Elapsed 00:00:01.53
